0 info it worked if it ends with ok
1 verbose cli [ '/usr/local/bin/node', '/usr/local/bin/npm', 'run', 'local' ]
2 info using npm@3.10.6
3 info using node@v4.5.0
4 verbose run-script [ 'prelocal', 'local', 'postlocal' ]
5 info lifecycle myweixin@0.0.1~prelocal: myweixin@0.0.1
6 silly lifecycle myweixin@0.0.1~prelocal: no script for prelocal, continuing
7 info lifecycle myweixin@0.0.1~local: myweixin@0.0.1
8 verbose lifecycle myweixin@0.0.1~local: unsafe-perm in lifecycle true
9 verbose lifecycle myweixin@0.0.1~local: PATH: /usr/local/lib/node_modules/npm/bin/node-gyp-bin:/Users/vspt/Desktop/py/myweixin/node_modules/.bin:/usr/local/bin:/usr/bin:/bin:/usr/sbin:/sbin:/usr/local/git/bin
10 verbose lifecycle myweixin@0.0.1~local: CWD: /Users/vspt/Desktop/py/myweixin
11 silly lifecycle myweixin@0.0.1~local: Args: [ '-c', 'node supervisor ./bin/www' ]
12 silly lifecycle myweixin@0.0.1~local: Returned: code: 1  signal: null
13 info lifecycle myweixin@0.0.1~local: Failed to exec local script
14 verbose stack Error: myweixin@0.0.1 local: `node supervisor ./bin/www`
14 verbose stack Exit status 1
14 verbose stack     at EventEmitter.<anonymous> (/usr/local/lib/node_modules/npm/lib/utils/lifecycle.js:255:16)
14 verbose stack     at emitTwo (events.js:87:13)
14 verbose stack     at EventEmitter.emit (events.js:172:7)
14 verbose stack     at ChildProcess.<anonymous> (/usr/local/lib/node_modules/npm/lib/utils/spawn.js:40:14)
14 verbose stack     at emitTwo (events.js:87:13)
14 verbose stack     at ChildProcess.emit (events.js:172:7)
14 verbose stack     at maybeClose (internal/child_process.js:829:16)
14 verbose stack     at Process.ChildProcess._handle.onexit (internal/child_process.js:211:5)
15 verbose pkgid myweixin@0.0.1
16 verbose cwd /Users/vspt/Desktop/py/myweixin
17 error Darwin 16.1.0
18 error argv "/usr/local/bin/node" "/usr/local/bin/npm" "run" "local"
19 error node v4.5.0
20 error npm  v3.10.6
21 error code ELIFECYCLE
22 error myweixin@0.0.1 local: `node supervisor ./bin/www`
22 error Exit status 1
23 error Failed at the myweixin@0.0.1 local script 'node supervisor ./bin/www'.
23 error Make sure you have the latest version of node.js and npm installed.
23 error If you do, this is most likely a problem with the myweixin package,
23 error not with npm itself.
23 error Tell the author that this fails on your system:
23 error     node supervisor ./bin/www
23 error You can get information on how to open an issue for this project with:
23 error     npm bugs myweixin
23 error Or if that isn't available, you can get their info via:
23 error     npm owner ls myweixin
23 error There is likely additional logging output above.
24 verbose exit [ 1, true ]
